[2021-04-15 16:12] Se ha creado el archivo de registros
[2021-04-15 16:16] Ingreso de Usuario Juan Sin Casa id=12
[2021-04-15 16:37] Ingreso de Usuario Juan Sin Casa id=12
[2021-04-15 16:47] Ingreso de Usuario Juan Sin Casa id=12
[2021-04-15 16:48] Ingreso de Usuario Juan Sin Casa id=12
[2021-04-15 16:49] Ingreso de Usuario Juan Sin Casa id=12
[2021-04-15 16:51] Ingreso de Usuario Juan Sin Casa id=12
[2021-04-15 16:56] Ingreso de Usuario Juan Sin Casa id=12
[2021-04-15 16:58] Ingreso de Usuario Juan Sin Casa id=12
[2021-04-15 17:29] Ingreso de Usuario Juan Sin Casa id=12
[2021-04-15 17:47] Ingreso de Usuario Juan Sin Casa id=12
[2021-04-15 17:48] Ingreso de Usuario Juan Sin Casa id=12
[2021-04-15 17:48] Ingreso de Usuario Juan Sin Casa id=12
[2021-04-15 17:48] Ingreso de Usuario Juan Sin Casa id=12
[2021-04-15 17:50] Ingreso de Usuario Juan Sin Casa id=12
[2021-04-15 17:55] Ingreso de Usuario Juan Sin Casa id=12
[2021-04-15 17:55] Ingreso de Usuario Juan Sin Casa id=12
[2021-04-15 17:56] Ingreso de Usuario Juan Sin Casa id=12
[2021-04-15 17:57] Ingreso de Usuario Juan Sin Casa id=12
[2021-04-15 18:07] Ingreso de Usuario Juan Sin Casa id=12
[2021-04-15 18:10] Ingreso de Usuario Juan Sin Casa id=12
[2021-04-15 18:38] Ingreso de Usuario Juan Sin Casa id=12
[2021-04-15 18:39] Ingreso de Usuario Juan Sin Casa id=12
[2021-04-16 09:54] Ingreso de Usuario Juan Sin Casa id=12
[2021-04-16 12:24] Ingreso de Usuario Juan Sin Casa id=12
[2021-04-16 12:32] Ingreso de Usuario Juan Sin Casa id=12
[2021-04-16 12:42] Ingreso de Usuario Juan Sin Casa id=12
[2021-04-16 12:43] Ingreso de Usuario Juan Sin Casa id=12
[2021-04-16 12:49] Ingreso de Usuario Juan Sin Casa id=12
[2021-04-16 13:56] Ingreso de Usuario Juan Sin Casa id=12
[2021-04-16 14:04] Ingreso de Usuario Juan Sin Casa id=12
[2021-04-16 17:38] Ingreso de Usuario Juan Sin Casa id=12
[2021-04-16 17:55] Ingreso de Usuario Juan Sin Casa id=12
[2021-04-16 18:03] Ingreso de Usuario Juan Sin Casa id=12
[2021-04-16 18:43] Ingreso de Usuario Juan Sin Casa id=12
[2021-04-17 10:39] Ingreso de Usuario Juan Sin Casa id=12
[2021-04-17 13:27] Ingreso de Usuario Juan Sin Casa id=12
[2021-04-18 10:27] Ingreso de Usuario Juan Sin Casa id=12
[2021-04-18 12:53] Ingreso de Usuario Juan Sin Casa id=12
[2021-04-18 13:02] Ingreso de Usuario Juan Sin Casa id=12
[2021-04-18 19:08] Ingreso de Usuario Juan Sin Casa id=12
[2021-04-18 19:21] Ingreso de Usuario Juan Sin Casa id=12
[2021-04-18 19:23] Ingreso de Usuario Juan Sin Casa id=12
[2021-04-19 15:49] Ingreso de Usuario Juan Sin Casa id=12
[2021-04-19 17:18] Ingreso de Usuario Juan Sin Casa id=12
[2021-04-21 09:16] Ingreso de Usuario Juan Sin Casa id=12
[2021-04-21 09:17] Ingreso de Usuario Juan Sin Casa id=12
[2021-04-21 09:18] Ingreso de Usuario Juan Sin Casa id=12
[2021-04-22 10:06] Ingreso de Usuario Juan Sin Casa id=12
[2021-04-22 10:07] Ingreso de Usuario Juan Sin Casa id=12
[2021-04-22 10:07] Ingreso de Usuario Juan Sin Casa id=12
[2021-04-22 10:11] Ingreso de Usuario Juan Sin Casa id=12
[2021-04-22 15:09] Ingreso de Usuario Juan Sin Casa id=12
[2021-04-22 15:13] Ingreso de Usuario Juan Sin Casa id=12
[2021-04-22 15:14] Ingreso de Usuario Juan Sin Casa id=12
[2021-04-22 15:15] Ingreso de Usuario Juan Sin Casa id=12
[2021-04-22 15:15] Ingreso de Usuario Juan Sin Casa id=12
[2021-04-22 15:19] Ingreso de Usuario Juan Sin Casa id=12
[2021-04-22 15:22] Ingreso de Usuario Juan Sin Casa id=12
[2021-04-22 15:22] Ingreso de Usuario Juan Sin Casa id=12
[2021-04-22 15:30] Ingreso de Usuario Juan Sin Casa id=12
[2021-04-22 15:37] Ingreso de Usuario Juan Sin Casa id=12
[2021-04-22 15:38] Ingreso de Usuario Juan Sin Casa id=12
[2021-04-22 15:41] Ingreso de Usuario Juan Sin Casa id=12
[2021-04-22 15:43] Ingreso de Usuario Juan Sin Casa id=12
[2021-04-22 15:43] Ingreso de Usuario Juan Sin Casa id=12
[2021-04-22 15:52] Ingreso de Usuario Juan Sin Casa id=12
[2021-04-22 15:54] Ingreso de Usuario Juan Sin Casa id=12
[2021-04-22 15:55] Ingreso de Usuario Juan Sin Casa id=12
[2021-04-22 15:57] Ingreso de Usuario Juan Sin Casa id=12
[2021-04-22 15:58] Ingreso de Usuario Juan Sin Casa id=12
[2021-04-22 15:59] Ingreso de Usuario Juan Sin Casa id=12
[2021-04-22 16:01] Ingreso de Usuario Juan Sin Casa id=12
[2021-04-22 16:02] Ingreso de Usuario Juan Sin Casa id=12
[2021-04-22 16:04] Ingreso de Usuario Juan Sin Casa id=12
[2021-04-22 16:04] Ingreso de Usuario Juan Sin Casa id=12
[2021-04-22 16:05] Ingreso de Usuario Juan Sin Casa id=12
[2021-04-22 16:05] Ingreso de Usuario Juan Sin Casa id=12
[2021-04-22 16:09] Ingreso de Usuario Juan Sin Casa id=12
[2021-04-22 16:09] Ingreso de Usuario Juan Sin Casa id=12
[2021-04-22 16:09] Ingreso de Usuario Juan Sin Casa id=12
[2021-04-22 16:12] Ingreso de Usuario Juan Sin Casa id=12
[2021-04-22 16:46] Ingreso de Usuario Juan Sin Casa id=12
[2021-04-22 16:47] Ingreso de Usuario Juan Sin Casa id=12
[2021-04-22 16:56] Ingreso de Usuario Juan Sin Casa id=12
[2021-04-22 16:58] Ingreso de Usuario Juan Sin Casa id=12
[2021-04-22 17:16] Ingreso de Usuario Juan Sin Casa id=12
[2021-04-22 17:18] Ingreso de Usuario Juan Sin Casa id=12
[2021-04-22 17:27] Ingreso de Usuario Juan Sin Casa id=12
[2021-04-22 17:27] Ingreso de Usuario Juan Sin Casa id=12
[2021-04-22 17:28] Ingreso de Usuario Juan Sin Casa id=12
[2021-04-22 17:28] Ingreso de Usuario Juan Sin Casa id=12
[2021-04-22 17:31] Ingreso de Usuario Juan Sin Casa id=12
[2021-04-22 17:37] Ingreso de Usuario Juan Sin Casa id=12
[2021-04-22 17:41] Ingreso de Usuario Juan Sin Casa id=12
[2021-04-22 17:43] Ingreso de Usuario Juan Sin Casa id=12
[2021-04-22 17:51] Ingreso de Usuario Juan Sin Casa id=12
[2021-04-22 17:52] Ingreso de Usuario Juan Sin Casa id=12
[2021-04-22 17:52] Ingreso de Usuario Juan Sin Casa id=12
[2021-04-22 17:52] Ingreso de Usuario Juan Sin Casa id=12
[2021-04-22 17:55] Ingreso de Usuario Juan Sin Casa id=12
[2021-04-22 17:56] Ingreso de Usuario Juan Sin Casa id=12
[2021-04-22 17:57] Ingreso de Usuario Juan Sin Casa id=12
[2021-04-22 18:01] Ingreso de Usuario Juan Sin Casa id=12
[2021-04-22 18:01] Ingreso de Usuario Juan Sin Casa id=12
[2021-04-22 18:02] Ingreso de Usuario Juan Sin Casa id=12
[2021-04-22 18:05] Ingreso de Usuario Juan Sin Casa id=12
[2021-04-22 18:08] Ingreso de Usuario Juan Sin Casa id=12
[2021-04-22 18:09] Ingreso de Usuario Juan Sin Casa id=12
[2021-04-22 18:10] Ingreso de Usuario Juan Sin Casa id=12
[2021-04-22 18:11] Ingreso de Usuario Juan Sin Casa id=12
[2021-04-22 18:11] Ingreso de Usuario Juan Sin Casa id=12
[2021-04-22 18:12] Ingreso de Usuario Juan Sin Casa id=12
[2021-04-22 18:12] Ingreso de Usuario Juan Sin Casa id=12
[2021-04-22 18:13] Ingreso de Usuario Juan Sin Casa id=12
[2021-04-23 10:22] Ingreso de Usuario Juan Sin Casa id=12
[2021-04-23 10:46] Ingreso de Usuario Juan Sin Casa id=12
[2021-04-23 12:17] Ingreso de Usuario Juan Sin Casa id=12
[2021-04-23 12:24] Ingreso de Usuario Juan Sin Casa id=12
[2021-04-23 12:25] Ingreso de Usuario Juan Sin Casa id=12
[2021-04-23 12:33] Ingreso de Usuario Juan Sin Casa id=12
[2021-04-23 12:41] Ingreso de Usuario Juan Sin Casa id=12
[2021-04-23 12:42] Ingreso de Usuario Juan Sin Casa id=12
[2021-04-23 16:17] Ingreso de Usuario Juan Sin Casa id=12
[2021-04-23 16:22] Ingreso de Usuario Juan Sin Casa id=12
[2021-04-23 16:22] Ingreso de Usuario Juan Sin Casa id=12
[2021-04-23 16:28] Ingreso de Usuario Juan Sin Casa id=12
[2021-04-23 16:29] Ingreso de Usuario Juan Sin Casa id=12
[2021-04-23 16:36] Ingreso de Usuario Juan Sin Casa id=12
[2021-04-23 16:37] Ingreso de Usuario Juan Sin Casa id=12
[2021-04-23 16:38] Ingreso de Usuario Juan Sin Casa id=12
[2021-04-23 16:50] Ingreso de Usuario Juan Sin Casa id=12
[2021-04-23 16:51] Ingreso de Usuario Juan Sin Casa id=12
[2021-04-23 17:21] Ingreso de Usuario Juan Sin Casa id=12
[2021-04-23 17:23] Ingreso de Usuario Juan Sin Casa id=12
[2021-04-23 17:23] Ingreso de Usuario Juan Sin Casa id=12
[2021-04-23 17:25] Ingreso de Usuario Juan Sin Casa id=12
[2021-04-23 17:28] Ingreso de Usuario Juan Sin Casa id=12
[2021-04-23 17:34] Ingreso de Usuario Juan Sin Casa id=12
[2021-04-23 17:36] Ingreso de Usuario Juan Sin Casa id=12
[2021-04-23 17:38] Ingreso de Usuario Juan Sin Casa id=12
[2021-04-23 17:39] Ingreso de Usuario Juan Sin Casa id=12
[2021-04-23 17:42] Ingreso de Usuario Juan Sin Casa id=12
[2021-04-23 17:44] Ingreso de Usuario Juan Sin Casa id=12
[2021-04-23 17:47] Ingreso de Usuario Juan Sin Casa id=12
[2021-04-23 17:48] Ingreso de Usuario Juan Sin Casa id=12
[2021-04-23 18:02] Ingreso de Usuario Juan Sin Casa id=12
[2021-04-23 18:07] Ingreso de Usuario Juan Sin Casa id=12
[2021-04-23 18:08] Ingreso de Usuario Juan Sin Casa id=12
[2021-04-23 18:17] Ingreso de Usuario Juan Sin Casa id=12
[2021-04-23 18:22] Ingreso de Usuario Juan Sin Casa id=12
[2021-04-23 18:26] Ingreso de Usuario Juan Sin Casa id=12
[2021-04-23 18:27] Ingreso de Usuario Juan Sin Casa id=12
[2021-04-23 18:30] Ingreso de Usuario Juan Sin Casa id=12
[2021-04-23 18:31] Ingreso de Usuario Juan Sin Casa id=12
[2021-04-23 23:23] Ingreso de Usuario Juan Sin Casa id=12
[2021-04-23 23:24] Ingreso de Usuario Juan Sin Casa id=12
[2021-04-23 23:24] Ingreso de Usuario Juan Sin Casa id=12
[2021-04-23 23:24] Ingreso de Usuario Juan Sin Casa id=12
[2021-04-23 23:25] Ingreso de Usuario Juan Sin Casa id=12
[2021-04-23 23:30] Ingreso de Usuario Juan Sin Casa id=12
[2021-04-23 23:31] Ingreso de Usuario Juan Sin Casa id=12
[2021-04-24 10:14] Ingreso de Usuario Juan Sin Casa id=12
[2021-04-24 10:20] Ingreso de Usuario Juan Sin Casa id=12
[2021-04-24 10:21] Ingreso de Usuario Juan Sin Casa id=12
[2021-04-24 10:21] Ingreso de Usuario Juan Sin Casa id=12
[2021-04-24 10:21] Ingreso de Usuario Juan Sin Casa id=12
[2021-04-24 10:22] Ingreso de Usuario Juan Sin Casa id=12
[2021-04-24 10:24] Ingreso de Usuario Juan Sin Casa id=12
[2021-04-24 10:31] Ingreso de Usuario Juan Sin Casa id=12
[2021-04-24 10:39] Ingreso de Usuario Juan Sin Casa id=12
[2021-04-24 10:40] Ingreso de Usuario Juan Sin Casa id=12
[2021-04-24 10:42] Ingreso de Usuario Juan Sin Casa id=12
[2021-04-24 10:44] Ingreso de Usuario Juan Sin Casa id=12
[2021-04-24 10:53] Ingreso de Usuario Juan Sin Casa id=12
[2021-04-24 10:54] Ingreso de Usuario Juan Sin Casa id=12
[2021-04-24 11:03] Ingreso de Usuario Juan Sin Casa id=12
[2021-04-24 11:10] Ingreso de Usuario Juan Sin Casa id=12
[2021-04-24 11:15] Ingreso de Usuario Juan Sin Casa id=12
[2021-04-24 12:11] Ingreso de Usuario Juan Sin Casa id=12
[2021-04-24 12:12] Ingreso de Usuario Juan Sin Casa id=12
[2021-04-24 12:12] Ingreso de Usuario Juan Sin Casa id=12
[2021-04-24 12:13] Ingreso de Usuario Juan Sin Casa id=12
[2021-04-24 12:18] Ingreso de Usuario Juan Sin Casa id=12
[2021-04-24 12:18] Ingreso de Usuario Juan Sin Casa id=12
[2021-04-24 12:18] Ingreso de Usuario Juan Sin Casa id=12
[2021-04-24 12:19] Ingreso de Usuario Juan Sin Casa id=12
[2021-04-24 12:44] Ingreso de Usuario Juan Sin Casa id=12
[2021-04-24 12:44] Ingreso de Usuario Juan Sin Casa id=12
[2021-04-24 12:45] Ingreso de Usuario Juan Sin Casa id=12
[2021-04-24 15:57] Ingreso de Usuario Juan Sin Casa id=12
[2021-04-24 15:58] Ingreso de Usuario Juan Sin Casa id=12
[2021-04-24 15:58] Ingreso de Usuario Juan Sin Casa id=12
[2021-04-24 16:06] Ingreso de Usuario Juan Sin Casa id=12
[2021-04-24 16:06] Ingreso de Usuario Juan Sin Casa id=12
[2021-04-24 16:07] Ingreso de Usuario Juan Sin Casa id=12
[2021-04-24 16:07] Ingreso de Usuario Juan Sin Casa id=12
[2021-04-24 16:07] Ingreso de Usuario Juan Sin Casa id=12
[2021-04-24 16:21] Ingreso de Usuario Juan Sin Casa id=12
[2021-04-24 16:25] Ingreso de Usuario Juan Sin Casa id=12
[2021-04-24 16:37] Ingreso de Usuario Juan Sin Casa id=12
[2021-04-24 16:47] Ingreso de Usuario Juan Sin Casa id=12
[2021-04-24 16:49] Ingreso de Usuario Juan Sin Casa id=12
[2021-04-24 16:51] Ingreso de Usuario Juan Sin Casa id=12
[2021-04-24 16:53] Ingreso de Usuario Juan Sin Casa id=12
[2021-04-24 16:54] Ingreso de Usuario Juan Sin Casa id=12
[2021-04-24 16:54] Ingreso de Usuario Juan Sin Casa id=12
[2021-04-24 16:57] Ingreso de Usuario Juan Sin Casa id=12
[2021-04-24 16:58] Ingreso de Usuario Juan Sin Casa id=12
[2021-04-24 17:01] Ingreso de Usuario Juan Sin Casa id=12
[2021-04-24 17:01] Ingreso de Usuario Juan Sin Casa id=12
[2021-04-24 17:02] Ingreso de Usuario Juan Sin Casa id=12
[2021-04-25 12:59] Ingreso de Usuario Juan Sin Casa id=12
[2021-04-25 13:00] Ingreso de Usuario Juan Sin Casa id=12
[2021-04-25 13:05] Ingreso de Usuario Juan Sin Casa id=12
[2021-04-25 13:09] Ingreso de Usuario Juan Sin Casa id=12
[2021-04-25 13:10] Ingreso de Usuario Juan Sin Casa id=12
[2021-04-25 13:11] Ingreso de Usuario Juan Sin Casa id=12
[2021-04-25 13:14] Ingreso de Usuario Juan Sin Casa id=12
[2021-04-25 13:15] Ingreso de Usuario Juan Sin Casa id=12
[2021-04-25 13:18] Ingreso de Usuario Juan Sin Casa id=12
[2021-04-25 15:41] Ingreso de Usuario Juan Sin Casa id=12
[2021-04-25 15:42] Ingreso de Usuario Juan Sin Casa id=12
[2021-04-25 15:49] Ingreso de Usuario Juan Sin Casa id=12
[2021-04-25 15:54] Ingreso de Usuario Juan Sin Casa id=12
[2021-04-25 15:55] Ingreso de Usuario Juan Sin Casa id=12
[2021-04-25 15:57] Ingreso de Usuario Juan Sin Casa id=12
[2021-04-25 15:57] Ingreso de Usuario Juan Sin Casa id=12
[2021-04-25 16:01] Ingreso de Usuario Juan Sin Casa id=12
[2021-04-25 16:03] Ingreso de Usuario Juan Sin Casa id=12
[2021-04-25 19:45] Ingreso de Usuario Juan Sin Casa id=12
[2021-04-25 19:45] Ingreso de Usuario Juan Sin Casa id=12
[2021-04-25 19:46] Ingreso de Usuario Juan Roller id=12
[2021-04-25 19:49] Ingreso de Usuario Juan Roller id=12
[2021-04-25 19:50] Ingreso de Usuario Juan Roller id=12
[2021-04-25 19:50] Ingreso de Usuario Juan blade id=12
[2021-04-25 19:52] Ingreso de Usuario Juan blade id=12
[2021-04-25 19:52] Ingreso de Usuario Juan Roll id=12
[2021-04-25 20:25] Ingreso de Usuario Juan Roll id=12
[2021-04-25 20:34] Ingreso de Usuario Juan Roller Blade id=12
[2021-04-25 20:38] Ingreso de Usuario Juan Roller Blade id=12
[2021-04-25 20:51] Ingreso de Usuario Juan Roller Blade id=12
[2021-04-25 20:54] Ingreso de Usuario Juan Roller Blade id=12
[2021-04-25 20:56] Ingreso de Usuario Juan Roller Blade id=12
[2021-04-25 21:13] Ingreso de Usuario Juan Roller Blade id=12
[2021-04-25 21:15] Ingreso de Usuario Juan Roller Blade id=12
[2021-04-25 21:19] Ingreso de Usuario Juan Roller Blade id=12
[2021-04-26 10:04] Ingreso de Usuario Juan Roller Blade id=12
[2021-04-26 10:05] Ingreso de Usuario Juan Roller Blade id=12
[2021-04-26 10:08] Ingreso de Usuario Juan Roller Blade id=12
[2021-04-26 10:29] Ingreso de Usuario Juan Roller Blade id=12
[2021-04-26 10:30] Ingreso de Usuario Juan Roller Blade id=12
[2021-04-26 10:30] Ingreso de Usuario Juan Roller Blade id=12
[2021-04-26 10:31] Ingreso de Usuario Juan Roller Blade id=12
[2021-04-26 10:35] Ingreso de Usuario Juan Roller Blade id=12
[2021-04-26 10:37] Ingreso de Usuario Juan Roller Blade id=12
[2021-04-26 10:38] Ingreso de Usuario Juan Roller Blade id=12
[2021-04-26 11:14] Ingreso de Usuario Juan Roller Blade id=12
[2021-04-26 11:14] Ingreso de Usuario Juan Roller Blade id=12
[2021-04-26 11:17] Ingreso de Usuario Juan Roller Blade id=12
[2021-04-26 11:17] Ingreso de Usuario Juan Roller Blade id=12
[2021-04-26 11:17] Ingreso de Usuario Juan Roller Blade id=12
[2021-04-26 11:33] Ingreso de Usuario Juan Roller Blade id=12
[2021-04-26 11:34] Ingreso de Usuario Juan Roller Blade id=12
[2021-04-26 11:35] Ingreso de Usuario Juan Roller Blade id=12
[2021-04-26 11:51] Ingreso de Usuario Juan Roller Blade id=12
[2021-04-26 11:51] Ingreso de Usuario Juan Roller Blade id=12
[2021-04-26 12:01] Ingreso de Usuario Juan Roller Blade id=12
[2021-04-26 12:03] Ingreso de Usuario Juan Roller Blade id=12
[2021-04-26 12:05] Ingreso de Usuario Juan Roller Blade id=12
[2021-04-26 12:05] Ingreso de Usuario Juan Roller Blade id=12
[2021-04-26 12:10] Ingreso de Usuario Juan Roller Blade id=12
[2021-04-26 12:10] Ingreso de Usuario Juan Roller Blade id=12
[2021-04-26 12:10] Ingreso de Usuario Juan Roller Blade id=12
[2021-04-26 12:19] Ingreso de Usuario Juan Roller Blade id=12
[2021-04-26 12:20] Ingreso de Usuario Juan Roller Blade id=12
[2021-04-26 12:26] Ingreso de Usuario Juan Roller Blade id=12
[2021-04-26 12:30] Ingreso de Usuario Juan Roller Blade id=12
[2021-04-26 20:18] Ingreso de Usuario Juan Roller Blade id=12
[2021-04-26 20:19] Ingreso de Usuario Juan Roller Blade id=12
[2021-04-26 20:23] Ingreso de Usuario Juan Roller Blade id=12
[2021-04-26 20:29] Ingreso de Usuario Juan Roller Blade id=12
[2021-04-26 20:32] Ingreso de Usuario Juan Roller Blade id=12
[2021-04-26 20:32] Ingreso de Usuario Juan Roller Blade id=12
[2021-04-26 20:33] Ingreso de Usuario Juan Roller Blade id=12
[2021-04-27 12:10] Ingreso de Usuario Juan Roller Blade id=12
[2021-04-27 16:21] Ingreso de Usuario Juan Roller Blade id=12
[2021-04-27 16:23] Ingreso de Usuario Juan Roller Blade id=12
[2021-04-27 16:23] Ingreso de Usuario Juan Roller Blade id=12
[2021-04-27 16:24] Ingreso de Usuario Juan Roller Blade id=12
[2021-04-27 16:26] Ingreso de Usuario Juan Roller Blade id=12
[2021-04-27 17:56] Ingreso de Usuario Juan Roller Blade id=12
[2021-04-27 19:45] Ingreso de Usuario Juan Roller Blade id=12
[2021-04-28 12:40] Ingreso de Usuario Juan Roller Blade id=12
[2021-04-28 12:40] Ingreso de Usuario Juan Roller Blade id=12
[2021-04-28 12:40] Ingreso de Usuario Juan Roller Blade id=12
[2021-04-28 12:47] Ingreso de Usuario Juan Roller Blade id=12
[2021-04-28 12:51] Ingreso de Usuario Juan Roller Blade id=12
[2021-04-28 12:59] Ingreso de Usuario Juan Roller Blade id=12
[2021-04-28 12:59] Ingreso de Usuario Juan Roller Blade id=12
[2021-04-28 13:06] Ingreso de Usuario Juan Roller Blade id=12
[2021-04-28 13:06] Ingreso de Usuario Juan Roller Blade id=12
[2021-04-28 13:07] Ingreso de Usuario Juan Roller Blade id=12
[2021-04-28 13:19] Ingreso de Usuario Juan Roller Blade id=12
[2021-04-28 13:19] Ingreso de Usuario Juan Roller Blade id=12
[2021-04-28 13:19] Ingreso de Usuario Juan Roller Blade id=12
[2021-04-28 13:26] Ingreso de Usuario Juan Roller Blade id=12
[2021-04-28 13:28] Ingreso de Usuario Juan Roller Blade id=12
[2021-04-28 13:31] Ingreso de Usuario Juan Roller Blade id=12
[2021-04-28 13:47] Ingreso de Usuario Juan Roller Blade id=12
[2021-04-28 13:48] Ingreso de Usuario Juan Roller Blade id=12
[2021-04-28 14:02] Ingreso de Usuario Juan Roller Blade id=12
[2021-04-28 14:04] Ingreso de Usuario Juan Roller Blade id=12
[2021-04-28 14:08] Ingreso de Usuario Juan Roller Blade id=12
[2021-04-28 14:10] Ingreso de Usuario Juan Roller Blade id=12
[2021-04-28 14:11] Ingreso de Usuario Juan Roller Blade id=12
[2021-04-28 14:12] Ingreso de Usuario Juan Roller Blade id=12
[2021-04-28 14:12] Ingreso de Usuario Juan Roller Blade id=12
[2021-04-28 14:12] Ingreso de Usuario Juan Roller Blade id=12
[2021-04-28 14:13] Ingreso de Usuario Juan Roller Blade id=12
[2021-04-28 14:14] Ingreso de Usuario Juan Roller Blade id=12
[2021-04-28 14:14] Ingreso de Usuario Juan Roller Blade id=12
[2021-04-28 14:16] Ingreso de Usuario Juan Roller Blade id=12
[2021-04-28 14:19] Ingreso de Usuario Juan Roller Blade id=12
[2021-04-28 14:20] Ingreso de Usuario Juan Roller Blade id=12
[2021-04-28 14:23] Ingreso de Usuario Juan Roller Blade id=12
[2021-04-28 14:26] Ingreso de Usuario Juan Roller Blade id=12
[2021-04-28 14:26] Ingreso de Usuario Juan Roller Blade id=12
[2021-04-28 14:27] Ingreso de Usuario Juan Roller Blade id=12
[2021-04-28 14:27] Ingreso de Usuario Juan Roller Blade id=12
[2021-04-28 14:29] Ingreso de Usuario Juan Roller Blade id=12
[2021-04-28 14:29] Ingreso de Usuario Juan Roller Blade id=12
[2021-04-28 14:30] Ingreso de Usuario Juan Roller Blade id=12
[2021-04-28 14:30] Ingreso de Usuario Juan Roller Blade id=12
[2021-04-28 14:31] Ingreso de Usuario Juan Roller Blade id=12
[2021-04-28 14:31] Ingreso de Usuario Juan Roller Blade id=12
[2021-04-28 14:31] Ingreso de Usuario Juan Roller Blade id=12
[2021-04-28 15:38] Ingreso de Usuario Juan Roller Blade id=12
[2021-04-28 15:38] Ingreso de Usuario Juan Roller Blade id=12
[2021-04-28 15:38] Ingreso de Usuario Juan Roller Blade id=12
[2021-04-28 15:45] Ingreso de Usuario Juan Roller Blade id=12
[2021-04-28 15:45] Ingreso de Usuario Juan Roller Blade id=12
[2021-04-28 15:47] Ingreso de Usuario Juan Roller Blade id=12
[2021-04-28 15:50] Ingreso de Usuario Juan Roller Blade id=12
[2021-04-28 16:02] Ingreso de Usuario Juan Roller Blade id=12
[2021-04-28 16:10] Ingreso de Usuario Juan Roller Blade id=12
[2021-04-28 16:13] Ingreso de Usuario Juan Roller Blade id=12
[2021-04-28 16:36] Ingreso de Usuario Juan Roller Blade id=12
[2021-04-28 16:38] Ingreso de Usuario Juan Roller Blade id=12
[2021-04-28 16:47] Ingreso de Usuario Juan Roller Blade id=12
[2021-04-28 16:49] Ingreso de Usuario Juan Roller Blade id=12
[2021-04-28 16:50] Ingreso de Usuario Juan Roller Blade id=12
[2021-04-28 17:06] Ingreso de Usuario Juan Roller Blade id=12
[2021-04-28 17:54] Ingreso de Usuario Juan Roller Blade id=12
[2021-04-28 17:55] Ingreso de Usuario Juan Roller Blade id=12
[2021-04-28 17:55] Ingreso de Usuario Juan Roller Blade id=12
[2021-04-28 18:41] Ingreso de Usuario Juan Roller Blade id=12
[2021-04-28 18:45] Ingreso de Usuario Juan Roller Blade id=12
[2021-04-28 18:46] Ingreso de Usuario Juan Roller Blade id=12
[2021-04-28 18:50] Ingreso de Usuario Juan Roller Blade id=12
[2021-04-28 18:52] Ingreso de Usuario Juan Roller Blade id=12
[2021-04-28 18:53] Ingreso de Usuario Juan Roller Blade id=12
[2021-04-28 18:55] Ingreso de Usuario Juan Roller Blade id=12
[2021-04-28 18:59] Ingreso de Usuario Juan Roller Blade id=12
[2021-04-28 19:04] Ingreso de Usuario Juan Roller Blade id=12
[2021-04-28 19:07] Ingreso de Usuario Juan Roller Blade id=12
[2021-04-28 19:09] Ingreso de Usuario Juan Roller Blade id=12
[2021-04-28 19:10] Ingreso de Usuario Juan Roller Blade id=12
[2021-04-28 19:12] Ingreso de Usuario Juan Roller Blade id=12
[2021-04-28 19:12] Ingreso de Usuario Juan Roller Blade id=12
[2021-04-29 08:57] Ingreso de Usuario Juan Roller Blade id=12
[2021-04-29 08:57] Ingreso de Usuario Juan Roller Blade id=12
[2021-04-29 08:57] Ingreso de Usuario Juan Roller Blade id=12
[2021-04-29 09:31] Ingreso de Usuario Juan Roller Blade id=12
